<?xml version="1.0" encoding="UTF-8"?>
<!-- Generated by org.testng.reporters.JUnitXMLReporter -->
<testsuite ignored="0" hostname="DESKTOP-N99ONFU" failures="0" tests="4" name="Default test" time="0.124" errors="0" timestamp="2022-01-08T22:11:13 EST">
  <testcase classname="practicesession.CarLoan" name="MobileCarLoan" time="0.018"/>
  <testcase classname="practicesession.Demo" name="demo" time="0.002"/>
  <testcase classname="practicesession.APIDemo" name="apiDemo" time="0.002"/>
  <testcase classname="practicesession.Add" name="add" time="0.002"/>
</testsuite> <!-- Default test -->
