<?xml version="1.0" encoding="UTF-8"?>
<testng-results ignored="0" total="4" passed="4" failed="0" skipped="0">
  <reporter-output>
  </reporter-output>
  <suite started-at="2022-01-08T22:11:13 EST" name="Default suite" finished-at="2022-01-08T22:11:13 EST" duration-ms="124">
    <groups>
    </groups>
    <test started-at="2022-01-08T22:11:13 EST" name="Default test" finished-at="2022-01-08T22:11:13 EST" duration-ms="124">
      <class name="practicesession.CarLoan">
        <test-method signature="MobileCarLoan()[pri:0, instance:practicesession.CarLoan@76f2bbc1]" started-at="2022-01-08T22:11:13 EST" name="MobileCarLoan" finished-at="2022-01-08T22:11:13 EST" duration-ms="18" status="PASS">
          <reporter-output>
          </reporter-output>
        </test-method> <!-- MobileCarLoan -->
      </class> <!-- practicesession.CarLoan -->
      <class name="practicesession.APIDemo">
        <test-method signature="apiDemo()[pri:0, instance:practicesession.APIDemo@482bce4f]" started-at="2022-01-08T22:11:13 EST" name="apiDemo" finished-at="2022-01-08T22:11:13 EST" duration-ms="2" status="PASS">
          <reporter-output>
          </reporter-output>
        </test-method> <!-- apiDemo -->
      </class> <!-- practicesession.APIDemo -->
      <class name="practicesession.Demo">
        <test-method signature="demo()[pri:0, instance:practicesession.Demo@55b53d44]" started-at="2022-01-08T22:11:13 EST" name="demo" finished-at="2022-01-08T22:11:13 EST" duration-ms="2" status="PASS">
          <reporter-output>
          </reporter-output>
        </test-method> <!-- demo -->
      </class> <!-- practicesession.Demo -->
      <class name="practicesession.Add">
        <test-method signature="add()[pri:0, instance:practicesession.Add@366647c2]" started-at="2022-01-08T22:11:13 EST" name="add" finished-at="2022-01-08T22:11:13 EST" duration-ms="2" status="PASS">
          <reporter-output>
          </reporter-output>
        </test-method> <!-- add -->
      </class> <!-- practicesession.Add -->
    </test> <!-- Default test -->
  </suite> <!-- Default suite -->
</testng-results>
